2026-06-26 22:52:12,645 - INFO - === Avvio 13F Alert System v3.0 (Refactored) ===
2026-06-26 22:52:12,646 - INFO - Intervallo polling: 120s (2.0 minuti)
2026-06-26 22:52:12,646 - INFO - Submissions watcher: ultimi 10 filing per CIK | delay 1.00s | atom fallback ON
2026-06-26 22:52:12,647 - INFO - Daily summary filing filtrati: OFF
2026-06-26 22:52:12,647 - INFO - Filtro attivo: SI - 60 hedge funds monitorati (filtro per CIK)
2026-06-26 22:52:12,647 - INFO - Hedge funds: Baupost Group, Scion Asset Management, Appaloosa Management, Yacktman Asset Management, Pershing Square Capital...
2026-06-26 22:52:12,647 - INFO - Avvio Telegram Message Viewer...
2026-06-26 22:52:14,658 - INFO - Database initialized successfully
2026-06-26 22:52:14,714 - INFO - Telegram command handler avviato
2026-06-26 22:52:14,715 - INFO - 
============================================================
2026-06-26 22:52:14,715 - INFO - Controllo submissions alle 2026-06-26 22:52:14
2026-06-26 22:52:15,134 - INFO - Webhook eliminato, getUpdates attivo
2026-06-26 22:52:34,853 - INFO - Backfill holdings per filing gia visto 0001418812-08-000082 (ValueAct Capital)
2026-06-26 22:52:34,853 - INFO - Processamento holdings per: ValueAct Capital Management, L.P.
2026-06-26 22:52:35,137 - WARNING - Information Table HTML non trovata nella pagina: https://www.sec.gov/Archives/edgar/data/1351069/000141881208000082/0001418812-08-000082-index.htm
2026-06-26 22:52:35,139 - WARNING - Information Table URL non trovata
2026-06-26 22:52:35,152 - INFO - Backfill holdings per filing gia visto 0001418812-08-000080 (ValueAct Capital)
2026-06-26 22:52:35,153 - INFO - Processamento holdings per: ValueAct Capital Management, L.P.
2026-06-26 22:52:35,388 - WARNING - Information Table HTML non trovata nella pagina: https://www.sec.gov/Archives/edgar/data/1351069/000141881208000080/0001418812-08-000080-index.htm
2026-06-26 22:52:35,389 - WARNING - Information Table URL non trovata
2026-06-26 22:52:35,401 - INFO - Backfill holdings per filing gia visto 0001418812-08-000078 (ValueAct Capital)
2026-06-26 22:52:35,402 - INFO - Processamento holdings per: ValueAct Capital Management, L.P.
2026-06-26 22:52:35,637 - WARNING - Information Table HTML non trovata nella pagina: https://www.sec.gov/Archives/edgar/data/1351069/000141881208000078/0001418812-08-000078-index.htm
2026-06-26 22:52:35,638 - WARNING - Information Table URL non trovata
2026-06-26 22:52:35,651 - INFO - Backfill holdings per filing gia visto 0001418812-08-000076 (ValueAct Capital)
2026-06-26 22:52:35,651 - INFO - Processamento holdings per: ValueAct Capital Management, L.P.
2026-06-26 22:52:35,946 - WARNING - Information Table HTML non trovata nella pagina: https://www.sec.gov/Archives/edgar/data/1351069/000141881208000076/0001418812-08-000076-index.htm
2026-06-26 22:52:35,947 - WARNING - Information Table URL non trovata
2026-06-26 22:52:35,960 - INFO - Backfill holdings per filing gia visto 0001129787-07-000054 (ValueAct Capital)
2026-06-26 22:52:35,960 - INFO - Processamento holdings per: ValueAct Capital Management, L.P.
2026-06-26 22:52:36,199 - WARNING - Information Table HTML non trovata nella pagina: https://www.sec.gov/Archives/edgar/data/1351069/000112978707000054/0001129787-07-000054-index.htm
2026-06-26 22:52:36,202 - WARNING - Information Table URL non trovata
2026-06-26 22:52:36,214 - INFO - Backfill holdings per filing gia visto 0001129787-07-000026 (ValueAct Capital)
2026-06-26 22:52:36,214 - INFO - Processamento holdings per: ValueAct Capital Management, L.P.
2026-06-26 22:52:36,438 - WARNING - Information Table HTML non trovata nella pagina: https://www.sec.gov/Archives/edgar/data/1351069/000112978707000026/0001129787-07-000026-index.htm
2026-06-26 22:52:36,441 - WARNING - Information Table URL non trovata
2026-06-26 22:52:36,464 - INFO - Backfill holdings per filing gia visto 0001129787-06-000212 (ValueAct Capital)
2026-06-26 22:52:36,464 - INFO - Processamento holdings per: ValueAct Capital Management, L.P.
2026-06-26 22:52:36,732 - WARNING - Information Table HTML non trovata nella pagina: https://www.sec.gov/Archives/edgar/data/1351069/000112978706000212/0001129787-06-000212-index.htm
2026-06-26 22:52:36,733 - WARNING - Information Table URL non trovata
2026-06-26 22:53:07,142 - INFO - Backfill holdings per filing gia visto 0001172661-02-000006 (Jericho Capital Asset Management (Josh Resnick))
2026-06-26 22:53:07,155 - INFO - Processamento holdings per: ADVISER COMPLIANCE ASSOCIATES LLC
2026-06-26 22:53:07,449 - WARNING - Information Table HTML non trovata nella pagina: https://www.sec.gov/Archives/edgar/data/1172661/000117266102000006/0001172661-02-000006-index.htm
2026-06-26 22:53:07,462 - WARNING - Information Table URL non trovata
2026-06-26 22:53:26,099 - INFO - Backfill holdings per filing gia visto 0001125282-06-000970 (D.E. Shaw (David E. Shaw))
2026-06-26 22:53:26,099 - INFO - Processamento holdings per: D. E. SHAW & CO, L.P.
2026-06-26 22:53:26,523 - WARNING - Information Table HTML non trovata nella pagina: https://www.sec.gov/Archives/edgar/data/1009268/000112528206000970/0001125282-06-000970-index.htm
2026-06-26 22:53:26,524 - WARNING - Information Table URL non trovata
2026-06-26 22:53:26,554 - INFO - Backfill holdings per filing gia visto 0001125282-04-003821 (D.E. Shaw (David E. Shaw))
2026-06-26 22:53:26,554 - INFO - Processamento holdings per: D. E. SHAW & CO, L.P.
2026-06-26 22:53:27,061 - WARNING - Information Table HTML non trovata nella pagina: https://www.sec.gov/Archives/edgar/data/1009268/000112528204003821/0001125282-04-003821-index.htm
2026-06-26 22:53:27,062 - WARNING - Information Table URL non trovata
2026-06-26 22:53:27,082 - INFO - Backfill holdings per filing gia visto 0000889812-00-002219 (D.E. Shaw (David E. Shaw))
2026-06-26 22:53:27,082 - INFO - Processamento holdings per: D. E. SHAW & CO, L.P.
2026-06-26 22:53:27,464 - WARNING - Information Table HTML non trovata nella pagina: https://www.sec.gov/Archives/edgar/data/1009268/000088981200002219/0000889812-00-002219-index.htm
2026-06-26 22:53:27,465 - WARNING - Information Table URL non trovata
2026-06-26 22:53:38,695 - INFO - \U0001f4ca Submissions: 567 totali | 567 giŕ visti | 0 bootstrap | 0 matched | 0 inviati | 0 falliti
2026-06-26 22:53:38,705 - INFO - 
============================================================
2026-06-26 22:53:38,705 - INFO - Controllo feed fallback alle 2026-06-26 22:53:38
2026-06-26 22:53:38,706 - INFO - Scaricamento feed SEC (tentativo 1/3)...
2026-06-26 22:53:39,476 - INFO - Feed scaricato: 34 entry trovate
2026-06-26 22:53:39,629 - INFO - \U0001f4ca Riepilogo: 34 totali | 11 giŕ visti | 0 matched | 0 inviati | 23 filtrati | 0 falliti
2026-06-26 22:53:39,637 - INFO - Prossimo controllo tra 2.0 minuti
2026-06-26 22:55:39,639 - INFO - 
============================================================
2026-06-26 22:55:39,640 - INFO - Controllo submissions alle 2026-06-26 22:55:39
2026-06-26 22:55:59,444 - INFO - Backfill holdings per filing gia visto 0001418812-08-000082 (ValueAct Capital)
2026-06-26 22:55:59,444 - INFO - Processamento holdings per: ValueAct Capital Management, L.P.
2026-06-26 22:55:59,751 - WARNING - Information Table HTML non trovata nella pagina: https://www.sec.gov/Archives/edgar/data/1351069/000141881208000082/0001418812-08-000082-index.htm
2026-06-26 22:55:59,764 - WARNING - Information Table URL non trovata
2026-06-26 22:55:59,777 - INFO - Backfill holdings per filing gia visto 0001418812-08-000080 (ValueAct Capital)
2026-06-26 22:55:59,777 - INFO - Processamento holdings per: ValueAct Capital Management, L.P.
2026-06-26 22:56:00,034 - WARNING - Information Table HTML non trovata nella pagina: https://www.sec.gov/Archives/edgar/data/1351069/000141881208000080/0001418812-08-000080-index.htm
2026-06-26 22:56:00,035 - WARNING - Information Table URL non trovata
2026-06-26 22:56:00,051 - INFO - Backfill holdings per filing gia visto 0001418812-08-000078 (ValueAct Capital)
2026-06-26 22:56:00,051 - INFO - Processamento holdings per: ValueAct Capital Management, L.P.
2026-06-26 22:56:00,309 - WARNING - Information Table HTML non trovata nella pagina: https://www.sec.gov/Archives/edgar/data/1351069/000141881208000078/0001418812-08-000078-index.htm
2026-06-26 22:56:00,310 - WARNING - Information Table URL non trovata
2026-06-26 22:56:00,324 - INFO - Backfill holdings per filing gia visto 0001418812-08-000076 (ValueAct Capital)
2026-06-26 22:56:00,325 - INFO - Processamento holdings per: ValueAct Capital Management, L.P.
2026-06-26 22:56:00,601 - WARNING - Information Table HTML non trovata nella pagina: https://www.sec.gov/Archives/edgar/data/1351069/000141881208000076/0001418812-08-000076-index.htm
2026-06-26 22:56:00,602 - WARNING - Information Table URL non trovata
2026-06-26 22:56:00,614 - INFO - Backfill holdings per filing gia visto 0001129787-07-000054 (ValueAct Capital)
2026-06-26 22:56:00,615 - INFO - Processamento holdings per: ValueAct Capital Management, L.P.
2026-06-26 22:56:00,892 - WARNING - Information Table HTML non trovata nella pagina: https://www.sec.gov/Archives/edgar/data/1351069/000112978707000054/0001129787-07-000054-index.htm
2026-06-26 22:56:00,893 - WARNING - Information Table URL non trovata
2026-06-26 22:56:00,910 - INFO - Backfill holdings per filing gia visto 0001129787-07-000026 (ValueAct Capital)
2026-06-26 22:56:00,910 - INFO - Processamento holdings per: ValueAct Capital Management, L.P.
2026-06-26 22:56:01,194 - WARNING - Information Table HTML non trovata nella pagina: https://www.sec.gov/Archives/edgar/data/1351069/000112978707000026/0001129787-07-000026-index.htm
2026-06-26 22:56:01,195 - WARNING - Information Table URL non trovata
2026-06-26 22:56:01,207 - INFO - Backfill holdings per filing gia visto 0001129787-06-000212 (ValueAct Capital)
2026-06-26 22:56:01,208 - INFO - Processamento holdings per: ValueAct Capital Management, L.P.
2026-06-26 22:56:01,461 - WARNING - Information Table HTML non trovata nella pagina: https://www.sec.gov/Archives/edgar/data/1351069/000112978706000212/0001129787-06-000212-index.htm
2026-06-26 22:56:01,463 - WARNING - Information Table URL non trovata
2026-06-26 22:56:31,287 - INFO - Backfill holdings per filing gia visto 0001172661-02-000006 (Jericho Capital Asset Management (Josh Resnick))
2026-06-26 22:56:31,289 - INFO - Processamento holdings per: ADVISER COMPLIANCE ASSOCIATES LLC
2026-06-26 22:56:31,567 - WARNING - Information Table HTML non trovata nella pagina: https://www.sec.gov/Archives/edgar/data/1172661/000117266102000006/0001172661-02-000006-index.htm
2026-06-26 22:56:31,569 - WARNING - Information Table URL non trovata
2026-06-26 22:56:50,191 - INFO - Backfill holdings per filing gia visto 0001125282-06-000970 (D.E. Shaw (David E. Shaw))
2026-06-26 22:56:50,192 - INFO - Processamento holdings per: D. E. SHAW & CO, L.P.
2026-06-26 22:56:50,455 - WARNING - Information Table HTML non trovata nella pagina: https://www.sec.gov/Archives/edgar/data/1009268/000112528206000970/0001125282-06-000970-index.htm
2026-06-26 22:56:50,458 - WARNING - Information Table URL non trovata
2026-06-26 22:56:50,479 - INFO - Backfill holdings per filing gia visto 0001125282-04-003821 (D.E. Shaw (David E. Shaw))
2026-06-26 22:56:50,480 - INFO - Processamento holdings per: D. E. SHAW & CO, L.P.
2026-06-26 22:56:50,702 - WARNING - Information Table HTML non trovata nella pagina: https://www.sec.gov/Archives/edgar/data/1009268/000112528204003821/0001125282-04-003821-index.htm
2026-06-26 22:56:50,705 - WARNING - Information Table URL non trovata
2026-06-26 22:56:50,718 - INFO - Backfill holdings per filing gia visto 0000889812-00-002219 (D.E. Shaw (David E. Shaw))
2026-06-26 22:56:50,719 - INFO - Processamento holdings per: D. E. SHAW & CO, L.P.
2026-06-26 22:56:51,007 - WARNING - Information Table HTML non trovata nella pagina: https://www.sec.gov/Archives/edgar/data/1009268/000088981200002219/0000889812-00-002219-index.htm
2026-06-26 22:56:51,009 - WARNING - Information Table URL non trovata
2026-06-26 22:57:01,091 - INFO - \U0001f4ca Submissions: 567 totali | 567 giŕ visti | 0 bootstrap | 0 matched | 0 inviati | 0 falliti
2026-06-26 22:57:01,107 - INFO - 
============================================================
2026-06-26 22:57:01,107 - INFO - Controllo feed fallback alle 2026-06-26 22:57:01
2026-06-26 22:57:01,107 - INFO - Scaricamento feed SEC (tentativo 1/3)...
2026-06-26 22:57:01,593 - INFO - Feed scaricato: 34 entry trovate
2026-06-26 22:57:01,597 - INFO - \U0001f4ca Riepilogo: 34 totali | 34 giŕ visti | 0 matched | 0 inviati | 0 filtrati | 0 falliti
2026-06-26 22:57:01,607 - INFO - Prossimo controllo tra 2.0 minuti
2026-06-26 22:59:01,612 - INFO - 
============================================================
2026-06-26 22:59:01,614 - INFO - Controllo submissions alle 2026-06-26 22:59:01
2026-06-26 22:59:21,377 - INFO - Backfill holdings per filing gia visto 0001418812-08-000082 (ValueAct Capital)
2026-06-26 22:59:21,379 - INFO - Processamento holdings per: ValueAct Capital Management, L.P.
2026-06-26 22:59:22,142 - WARNING - Information Table HTML non trovata nella pagina: https://www.sec.gov/Archives/edgar/data/1351069/000141881208000082/0001418812-08-000082-index.htm
2026-06-26 22:59:22,144 - WARNING - Information Table URL non trovata
2026-06-26 22:59:22,166 - INFO - Backfill holdings per filing gia visto 0001418812-08-000080 (ValueAct Capital)
2026-06-26 22:59:22,167 - INFO - Processamento holdings per: ValueAct Capital Management, L.P.
2026-06-26 22:59:22,449 - WARNING - Information Table HTML non trovata nella pagina: https://www.sec.gov/Archives/edgar/data/1351069/000141881208000080/0001418812-08-000080-index.htm
2026-06-26 22:59:22,451 - WARNING - Information Table URL non trovata
2026-06-26 22:59:22,474 - INFO - Backfill holdings per filing gia visto 0001418812-08-000078 (ValueAct Capital)
2026-06-26 22:59:22,475 - INFO - Processamento holdings per: ValueAct Capital Management, L.P.
2026-06-26 22:59:22,725 - WARNING - Information Table HTML non trovata nella pagina: https://www.sec.gov/Archives/edgar/data/1351069/000141881208000078/0001418812-08-000078-index.htm
2026-06-26 22:59:22,727 - WARNING - Information Table URL non trovata
2026-06-26 22:59:22,737 - INFO - Backfill holdings per filing gia visto 0001418812-08-000076 (ValueAct Capital)
2026-06-26 22:59:22,738 - INFO - Processamento holdings per: ValueAct Capital Management, L.P.
2026-06-26 22:59:22,991 - WARNING - Information Table HTML non trovata nella pagina: https://www.sec.gov/Archives/edgar/data/1351069/000141881208000076/0001418812-08-000076-index.htm
2026-06-26 22:59:22,993 - WARNING - Information Table URL non trovata
2026-06-26 22:59:23,016 - INFO - Backfill holdings per filing gia visto 0001129787-07-000054 (ValueAct Capital)
2026-06-26 22:59:23,017 - INFO - Processamento holdings per: ValueAct Capital Management, L.P.
2026-06-26 22:59:23,261 - WARNING - Information Table HTML non trovata nella pagina: https://www.sec.gov/Archives/edgar/data/1351069/000112978707000054/0001129787-07-000054-index.htm
2026-06-26 22:59:23,266 - WARNING - Information Table URL non trovata
2026-06-26 22:59:23,278 - INFO - Backfill holdings per filing gia visto 0001129787-07-000026 (ValueAct Capital)
2026-06-26 22:59:23,278 - INFO - Processamento holdings per: ValueAct Capital Management, L.P.
2026-06-26 22:59:23,510 - WARNING - Information Table HTML non trovata nella pagina: https://www.sec.gov/Archives/edgar/data/1351069/000112978707000026/0001129787-07-000026-index.htm
2026-06-26 22:59:23,512 - WARNING - Information Table URL non trovata
2026-06-26 22:59:23,534 - INFO - Backfill holdings per filing gia visto 0001129787-06-000212 (ValueAct Capital)
2026-06-26 22:59:23,534 - INFO - Processamento holdings per: ValueAct Capital Management, L.P.
2026-06-26 22:59:23,828 - WARNING - Information Table HTML non trovata nella pagina: https://www.sec.gov/Archives/edgar/data/1351069/000112978706000212/0001129787-06-000212-index.htm
2026-06-26 22:59:23,830 - WARNING - Information Table URL non trovata
2026-06-26 22:59:53,465 - INFO - Backfill holdings per filing gia visto 0001172661-02-000006 (Jericho Capital Asset Management (Josh Resnick))
2026-06-26 22:59:53,467 - INFO - Processamento holdings per: ADVISER COMPLIANCE ASSOCIATES LLC
2026-06-26 22:59:53,741 - WARNING - Information Table HTML non trovata nella pagina: https://www.sec.gov/Archives/edgar/data/1172661/000117266102000006/0001172661-02-000006-index.htm
2026-06-26 22:59:53,743 - WARNING - Information Table URL non trovata
2026-06-26 23:00:12,172 - INFO - Backfill holdings per filing gia visto 0001125282-06-000970 (D.E. Shaw (David E. Shaw))
2026-06-26 23:00:12,173 - INFO - Processamento holdings per: D. E. SHAW & CO, L.P.
2026-06-26 23:00:12,475 - WARNING - Information Table HTML non trovata nella pagina: https://www.sec.gov/Archives/edgar/data/1009268/000112528206000970/0001125282-06-000970-index.htm
2026-06-26 23:00:12,477 - WARNING - Information Table URL non trovata
2026-06-26 23:00:12,499 - INFO - Backfill holdings per filing gia visto 0001125282-04-003821 (D.E. Shaw (David E. Shaw))
2026-06-26 23:00:12,499 - INFO - Processamento holdings per: D. E. SHAW & CO, L.P.
2026-06-26 23:00:12,743 - WARNING - Information Table HTML non trovata nella pagina: https://www.sec.gov/Archives/edgar/data/1009268/000112528204003821/0001125282-04-003821-index.htm
2026-06-26 23:00:12,745 - WARNING - Information Table URL non trovata
2026-06-26 23:00:12,766 - INFO - Backfill holdings per filing gia visto 0000889812-00-002219 (D.E. Shaw (David E. Shaw))
2026-06-26 23:00:12,767 - INFO - Processamento holdings per: D. E. SHAW & CO, L.P.
2026-06-26 23:00:12,993 - WARNING - Information Table HTML non trovata nella pagina: https://www.sec.gov/Archives/edgar/data/1009268/000088981200002219/0000889812-00-002219-index.htm
2026-06-26 23:00:12,995 - WARNING - Information Table URL non trovata
2026-06-26 23:00:23,734 - INFO - \U0001f4ca Submissions: 567 totali | 567 giŕ visti | 0 bootstrap | 0 matched | 0 inviati | 0 falliti
2026-06-26 23:00:23,752 - INFO - 
============================================================
2026-06-26 23:00:23,752 - INFO - Controllo feed fallback alle 2026-06-26 23:00:23
2026-06-26 23:00:23,752 - INFO - Scaricamento feed SEC (tentativo 1/3)...
2026-06-26 23:00:25,219 - INFO - Feed scaricato: 34 entry trovate
2026-06-26 23:00:25,223 - INFO - \U0001f4ca Riepilogo: 34 totali | 34 giŕ visti | 0 matched | 0 inviati | 0 filtrati | 0 falliti
2026-06-26 23:00:25,236 - INFO - Prossimo controllo tra 2.0 minuti
